Watching for file changes with StatReloader
[25/Mar/2026 02:13:59] "GET /dashboard/ HTTP/1.1" 200 44499
[25/Mar/2026 02:13:59] "GET /dashboard/ HTTP/1.1" 200 44499
[25/Mar/2026 02:14:09] "GET /dashboard/ HTTP/1.1" 200 44499
Not Found: /favicon.ico
[25/Mar/2026 02:14:09] "GET /favicon.ico HTTP/1.1" 404 2894
[25/Mar/2026 02:14:10] "POST /api/portfolio/dashboard/ HTTP/1.1" 200 629001
[25/Mar/2026 02:14:23] "POST /api/portfolio/dashboard/ HTTP/1.1" 200 628862
[25/Mar/2026 02:14:58] "POST /api/portfolio/dashboard/ HTTP/1.1" 200 553109
[25/Mar/2026 02:15:07] "POST /api/portfolio/dashboard/ HTTP/1.1" 200 553109
[25/Mar/2026 02:15:13] "POST /api/portfolio/dashboard/ HTTP/1.1" 200 553104
[25/Mar/2026 02:15:14] "GET /dashboard/ HTTP/1.1" 200 44499
[25/Mar/2026 02:15:14] "POST /api/portfolio/dashboard/ HTTP/1.1" 200 628913
[25/Mar/2026 02:15:14,661] - Broken pipe from ('127.0.0.1', 54246)
[25/Mar/2026 02:15:17] "POST /api/portfolio/dashboard/ HTTP/1.1" 200 628911
[25/Mar/2026 02:16:33] "POST /api/portfolio/dashboard/ HTTP/1.1" 200 629487
[25/Mar/2026 02:16:37] "POST /api/portfolio/dashboard/ HTTP/1.1" 200 628114
[25/Mar/2026 02:18:25] "GET /dashboard/ HTTP/1.1" 200 46874
[25/Mar/2026 02:18:25] "POST /api/portfolio/dashboard/ HTTP/1.1" 200 628770
[25/Mar/2026 02:18:28] "POST /api/portfolio/dashboard/ HTTP/1.1" 200 629137
[25/Mar/2026 02:18:33] "POST /api/portfolio/dashboard/ HTTP/1.1" 200 628973
[25/Mar/2026 02:18:39] "POST /api/portfolio/dashboard/ HTTP/1.1" 200 628986
[25/Mar/2026 02:18:43] "POST /api/portfolio/dashboard/ HTTP/1.1" 200 629144
[25/Mar/2026 02:19:18] "GET /api/portfolio/moex/history/?secid=SBER&from=2025-03-25&till=2026-03-25 HTTP/1.1" 200 5120
[25/Mar/2026 02:19:22] "GET /api/portfolio/moex/history/?secid=GAZP&from=2025-03-25&till=2026-03-25 HTTP/1.1" 200 5126
[25/Mar/2026 02:19:25] "GET /api/portfolio/moex/history/?secid=LKOH&from=2025-03-25&till=2026-03-25 HTTP/1.1" 200 5171
[25/Mar/2026 02:19:26] "POST /api/portfolio/dashboard/ HTTP/1.1" 200 629051
[25/Mar/2026 02:19:29] "GET /api/portfolio/moex/history/?secid=YDEX&from=2025-03-25&till=2026-03-25 HTTP/1.1" 200 5171
[25/Mar/2026 02:19:31] "GET /api/portfolio/moex/history/?secid=ROSN&from=2025-03-25&till=2026-03-25 HTTP/1.1" 200 5038
[25/Mar/2026 02:19:34] "GET /api/portfolio/moex/history/?secid=NVTK&from=2025-03-25&till=2026-03-25 HTTP/1.1" 200 5171
[25/Mar/2026 02:19:39] "GET /api/portfolio/moex/history/?secid=TATN&from=2025-03-25&till=2026-03-25 HTTP/1.1" 200 4918
[25/Mar/2026 02:19:42] "GET /api/portfolio/moex/history/?secid=GMKN&from=2025-03-25&till=2026-03-25 HTTP/1.1" 200 5086
[25/Mar/2026 02:19:44] "GET /api/portfolio/moex/history/?secid=MAGN&from=2025-03-25&till=2026-03-25 HTTP/1.1" 200 5007
[25/Mar/2026 02:19:56] "GET /dashboard/ HTTP/1.1" 200 47633
[25/Mar/2026 02:19:56] "POST /api/portfolio/dashboard/ HTTP/1.1" 200 628894
[25/Mar/2026 02:19:59] "POST /api/portfolio/dashboard/ HTTP/1.1" 200 628914
[25/Mar/2026 02:21:09] "GET /dashboard/ HTTP/1.1" 200 47325
[25/Mar/2026 02:21:09] "POST /api/portfolio/dashboard/ HTTP/1.1" 200 515035
[25/Mar/2026 02:21:18] "POST /api/portfolio/dashboard/ HTTP/1.1" 200 628993
[25/Mar/2026 02:21:44] "GET /api/portfolio/moex/history/?secid=GAZP&from=2025-03-25&till=2026-03-25 HTTP/1.1" 200 5126
[25/Mar/2026 02:21:46] "GET /api/portfolio/moex/history/?secid=MAGN&from=2025-03-25&till=2026-03-25 HTTP/1.1" 200 5007
[25/Mar/2026 02:21:47] "GET /api/portfolio/moex/history/?secid=GMKN&from=2025-03-25&till=2026-03-25 HTTP/1.1" 200 5086
[25/Mar/2026 02:21:49] "GET /api/portfolio/moex/history/?secid=ROSN&from=2025-03-25&till=2026-03-25 HTTP/1.1" 200 5038
[25/Mar/2026 02:21:51] "GET /api/portfolio/moex/history/?secid=TATN&from=2025-03-25&till=2026-03-25 HTTP/1.1" 200 4918
[25/Mar/2026 02:21:53] "GET /api/portfolio/moex/history/?secid=NVTK&from=2025-03-25&till=2026-03-25 HTTP/1.1" 200 5171
[25/Mar/2026 02:21:55] "GET /api/portfolio/moex/history/?secid=SBER&from=2025-03-25&till=2026-03-25 HTTP/1.1" 200 5120
[25/Mar/2026 02:21:57] "GET /api/portfolio/moex/history/?secid=LKOH&from=2025-03-25&till=2026-03-25 HTTP/1.1" 200 5171
[25/Mar/2026 02:21:58] "POST /api/portfolio/dashboard/ HTTP/1.1" 200 628847
[25/Mar/2026 02:21:59] "GET /api/portfolio/moex/history/?secid=YDEX&from=2025-03-25&till=2026-03-25 HTTP/1.1" 200 5171
[25/Mar/2026 02:27:39] "GET /dashboard/ HTTP/1.1" 200 46644
[25/Mar/2026 02:27:39] "POST /api/portfolio/dashboard/ HTTP/1.1" 200 515074
[25/Mar/2026 02:28:15] "GET /dashboard/ HTTP/1.1" 200 46693
[25/Mar/2026 02:28:46] "GET /dashboard/ HTTP/1.1" 200 46693
[25/Mar/2026 02:28:47] "POST /api/portfolio/dashboard/ HTTP/1.1" 200 515159
Not Found: /favicon.ico
[25/Mar/2026 02:28:47] "GET /favicon.ico HTTP/1.1" 404 2894
[25/Mar/2026 02:31:38] "GET /dashboard/ HTTP/1.1" 200 46991
[25/Mar/2026 02:32:10] "GET /dashboard/ HTTP/1.1" 200 46991
Not Found: /favicon.ico
[25/Mar/2026 02:32:11] "GET /favicon.ico HTTP/1.1" 404 2894
[25/Mar/2026 02:32:11] "POST /api/portfolio/dashboard/ HTTP/1.1" 200 515194
[25/Mar/2026 02:32:42] "POST /api/portfolio/dashboard/ HTTP/1.1" 200 515245
[25/Mar/2026 02:34:18] "GET /dashboard/ HTTP/1.1" 200 46991
[25/Mar/2026 02:34:18] "POST /api/portfolio/dashboard/ HTTP/1.1" 200 515167
[25/Mar/2026 02:34:39] "POST /api/portfolio/dashboard/ HTTP/1.1" 200 515082
[25/Mar/2026 02:34:42] "POST /api/portfolio/dashboard/ HTTP/1.1" 200 515138
[25/Mar/2026 02:34:45] "POST /api/portfolio/dashboard/ HTTP/1.1" 200 515208
[25/Mar/2026 02:35:49] "GET /dashboard/ HTTP/1.1" 200 47070
Not Found: /favicon.ico
[25/Mar/2026 02:35:51] "GET /favicon.ico HTTP/1.1" 404 2894
[25/Mar/2026 02:35:51] "POST /api/portfolio/dashboard/ HTTP/1.1" 200 515255
[25/Mar/2026 02:37:50] "GET /dashboard/ HTTP/1.1" 200 47297
Not Found: /favicon.ico
[25/Mar/2026 02:37:50] "GET /favicon.ico HTTP/1.1" 404 2894
[25/Mar/2026 02:37:51] "POST /api/portfolio/dashboard/ HTTP/1.1" 200 515231
[25/Mar/2026 02:38:29] "GET /dashboard/ HTTP/1.1" 200 47297
Not Found: /favicon.ico
[25/Mar/2026 02:38:29] "GET /favicon.ico HTTP/1.1" 404 2894
[25/Mar/2026 02:38:29] "POST /api/portfolio/dashboard/ HTTP/1.1" 200 515121
[25/Mar/2026 02:40:36] "GET /dashboard/ HTTP/1.1" 200 48445
Not Found: /favicon.ico
[25/Mar/2026 02:40:38] "POST /api/portfolio/dashboard/ HTTP/1.1" 200 515312
[25/Mar/2026 02:40:38] "GET /favicon.ico HTTP/1.1" 404 2894
[25/Mar/2026 02:42:08] "GET /dashboard/ HTTP/1.1" 200 48583
Not Found: /favicon.ico
[25/Mar/2026 02:42:09] "GET /favicon.ico HTTP/1.1" 404 2894
[25/Mar/2026 02:42:09] "POST /api/portfolio/dashboard/ HTTP/1.1" 200 515231
[25/Mar/2026 02:42:44] "GET /dashboard/ HTTP/1.1" 200 48484
Not Found: /favicon.ico
[25/Mar/2026 02:42:45] "GET /favicon.ico HTTP/1.1" 404 2894
[25/Mar/2026 02:42:45] "POST /api/portfolio/dashboard/ HTTP/1.1" 200 515255
[25/Mar/2026 02:44:27] "GET /dashboard/ HTTP/1.1" 200 48484
[25/Mar/2026 02:44:28] "POST /api/portfolio/dashboard/ HTTP/1.1" 200 515130
Not Found: /favicon.ico
[25/Mar/2026 02:44:28] "GET /favicon.ico HTTP/1.1" 404 2894
[25/Mar/2026 02:45:22] "POST /api/portfolio/dashboard/ HTTP/1.1" 200 515052
[25/Mar/2026 02:45:24] "POST /api/portfolio/dashboard/ HTTP/1.1" 200 515075
[25/Mar/2026 02:45:29] "POST /api/portfolio/dashboard/ HTTP/1.1" 200 515283
[25/Mar/2026 02:45:32] "POST /api/portfolio/dashboard/ HTTP/1.1" 200 515112
[25/Mar/2026 02:45:36] "POST /api/portfolio/dashboard/ HTTP/1.1" 200 515265
C:\Users\MAG\Desktop\Projects\analiseM\config\settings.py changed, reloading.
Performing system checks...

System check identified no issues (0 silenced).
March 25, 2026 - 02:13:53
Django version 5.2.12, using settings 'config.settings'
Starting development server at http://127.0.0.1:8000/
Quit the server with CTRL-BREAK.

WARNING: This is a development server. Do not use it in a production setting. Use a production WSGI or ASGI server instead.
For more information on production servers see: https://docs.djangoproject.com/en/5.2/howto/deployment/
Watching for file changes with StatReloader
[25/Mar/2026 02:52:19] "GET /dashboard/ HTTP/1.1" 200 48484
[25/Mar/2026 02:54:01] "GET /dashboard/ HTTP/1.1" 200 48484
[25/Mar/2026 02:54:02] "GET /dashboard/ HTTP/1.1" 200 48484
[25/Mar/2026 02:54:02,651] - Broken pipe from ('127.0.0.1', 50845)
Not Found: /favicon.ico
[25/Mar/2026 02:54:05] "GET /favicon.ico HTTP/1.1" 404 2894
[25/Mar/2026 02:54:05] "POST /api/portfolio/dashboard/ HTTP/1.1" 200 515210
[25/Mar/2026 02:54:07] "POST /api/portfolio/dashboard/ HTTP/1.1" 200 515119
[25/Mar/2026 02:54:10] "POST /api/portfolio/dashboard/ HTTP/1.1" 200 515344
[25/Mar/2026 02:54:13] "POST /api/portfolio/dashboard/ HTTP/1.1" 200 515166
[25/Mar/2026 02:54:15] "POST /api/portfolio/dashboard/ HTTP/1.1" 200 515280
[25/Mar/2026 02:54:16] "POST /api/portfolio/dashboard/ HTTP/1.1" 200 515274
[25/Mar/2026 02:54:17] "POST /api/portfolio/dashboard/ HTTP/1.1" 200 514962
[25/Mar/2026 02:55:28] "GET /dashboard/ HTTP/1.1" 200 48514
[25/Mar/2026 02:55:29] "POST /api/portfolio/dashboard/ HTTP/1.1" 200 514985
[25/Mar/2026 02:55:32] "POST /api/portfolio/dashboard/ HTTP/1.1" 200 515061
[25/Mar/2026 02:55:34] "POST /api/portfolio/dashboard/ HTTP/1.1" 200 515273
[25/Mar/2026 02:55:40] "POST /api/portfolio/dashboard/ HTTP/1.1" 200 515164
[25/Mar/2026 02:55:42] "POST /api/portfolio/dashboard/ HTTP/1.1" 200 515330
[25/Mar/2026 02:56:04] "POST /api/portfolio/dashboard/ HTTP/1.1" 200 515055
[25/Mar/2026 02:56:13] "POST /api/portfolio/dashboard/ HTTP/1.1" 200 515484
[25/Mar/2026 02:56:19] "POST /api/portfolio/dashboard/ HTTP/1.1" 200 515121
